[debug] [2022-12-13T08:43:12.508Z] ----------------------------------------------------------------------
[debug] [2022-12-13T08:43:12.510Z] Command:       C:\Program Files\nodejs\node.exe C:\Users\jimmy\AppData\Roaming\npm\node_modules\firebase-tools\lib\bin\firebase.js init
[debug] [2022-12-13T08:43:12.511Z] CLI Version:   11.18.0
[debug] [2022-12-13T08:43:12.511Z] Platform:      win32
[debug] [2022-12-13T08:43:12.511Z] Node Version:  v14.18.1
[debug] [2022-12-13T08:43:12.512Z] Time:          Tue Dec 13 2022 16:43:12 GMT+0800 (Singapore Standard Time)
[debug] [2022-12-13T08:43:12.512Z] ----------------------------------------------------------------------
[debug] 
[debug] [2022-12-13T08:43:12.528Z] > command requires scopes: ["email","openid","https://www.googleapis.com/auth/cloudplatformprojects.readonly","https://www.googleapis.com/auth/firebase","https://www.googleapis.com/auth/cloud-platform"]
[debug] [2022-12-13T08:43:12.528Z] > authorizing via signed-in user (laijianyi13@gmail.com)
[info] 
     ######## #### ########  ######## ########     ###     ######  ########
     ##        ##  ##     ## ##       ##     ##  ##   ##  ##       ##
     ######    ##  ########  ######   ########  #########  ######  ######
     ##        ##  ##    ##  ##       ##     ## ##     ##       ## ##
     ##       #### ##     ## ######## ########  ##     ##  ######  ########

You're about to initialize a Firebase project in this directory:

  C:\Users\jimmy\angular-apps\coaching-chatbot

[info] 
=== Project Setup
[info] 
[info] First, let's associate this project directory with a Firebase project.
[info] You can create multiple project aliases by running firebase use --add, 
[info] but for now we'll just set up a default project.
[info] 
[debug] [2022-12-13T08:43:26.716Z] >>> [apiv2][query] GET https://firebase.googleapis.com/v1beta1/projects pageSize=100
[debug] [2022-12-13T08:43:27.325Z] <<< [apiv2][status] GET https://firebase.googleapis.com/v1beta1/projects 200
[debug] [2022-12-13T08:43:27.326Z] <<< [apiv2][body] GET https://firebase.googleapis.com/v1beta1/projects [omitted]
[info] i  Using project coaching-bot-app (coaching-bot-app) 
[info] 
=== Hosting Setup
[info] 
[info] Your public directory is the folder (relative to your project directory) that
[info] will contain Hosting assets to be uploaded with firebase deploy. If you
[info] have a build process for your assets, use your build's output directory.
[info] 
[info] +  Wrote docs/404.html 
[debug] [2022-12-13T08:44:57.987Z] >>> [apiv2][query] GET https://www.gstatic.com/firebasejs/releases.json [none]
[debug] [2022-12-13T08:44:58.022Z] <<< [apiv2][status] GET https://www.gstatic.com/firebasejs/releases.json 200
[debug] [2022-12-13T08:44:58.022Z] <<< [apiv2][body] GET https://www.gstatic.com/firebasejs/releases.json {"current":{"version":"9.15.0","browserURL":"https://www.gstatic.com/firebasejs/9.15.0/firebase.js","packageURL":"https://www.gstatic.com/firebasejs/9.15.0/firebase.tgz"},"live":{"version":"9.15","browserURL":"https://www.gstatic.com/firebasejs/live/9.15/firebase.js","packageURL":"https://www.gstatic.com/firebasejs/live/9.15/firebase.tgz"},"components":{"analytics":"https://www.gstatic.com/firebasejs/9.15.0/firebase-analytics.js","app":"https://www.gstatic.com/firebasejs/9.15.0/firebase-app.js","app-check":"https://www.gstatic.com/firebasejs/9.15.0/firebase-app-check.js","auth":"https://www.gstatic.com/firebasejs/9.15.0/firebase-auth.js","auth/cordova":"https://www.gstatic.com/firebasejs/9.15.0/firebase-auth/cordova.js","auth/react-native":"https://www.gstatic.com/firebasejs/9.15.0/firebase-auth/react-native.js","functions":"https://www.gstatic.com/firebasejs/9.15.0/firebase-functions.js","firestore":"https://www.gstatic.com/firebasejs/9.15.0/firebase-firestore.js","firestore/lite":"https://www.gstatic.com/firebasejs/9.15.0/firebase-firestore/lite.js","installations":"https://www.gstatic.com/firebasejs/9.15.0/firebase-installations.js","storage":"https://www.gstatic.com/firebasejs/9.15.0/firebase-storage.js","performance":"https://www.gstatic.com/firebasejs/9.15.0/firebase-performance.js","remote-config":"https://www.gstatic.com/firebasejs/9.15.0/firebase-remote-config.js","messaging":"https://www.gstatic.com/firebasejs/9.15.0/firebase-messaging.js","messaging/sw":"https://www.gstatic.com/firebasejs/9.15.0/firebase-messaging/sw.js","database":"https://www.gstatic.com/firebasejs/9.15.0/firebase-database.js","firestore.memory":"https://www.gstatic.com/firebasejs/9.15.0/firebase-firestore.memory.js"}}
[debug] [2022-12-13T08:45:25.936Z] ----------------------------------------------------------------------
[debug] [2022-12-13T08:45:25.939Z] Command:       C:\Program Files\nodejs\node.exe C:\Users\jimmy\AppData\Roaming\npm\node_modules\firebase-tools\lib\bin\firebase.js init
[debug] [2022-12-13T08:45:25.939Z] CLI Version:   11.18.0
[debug] [2022-12-13T08:45:25.939Z] Platform:      win32
[debug] [2022-12-13T08:45:25.939Z] Node Version:  v14.18.1
[debug] [2022-12-13T08:45:25.940Z] Time:          Tue Dec 13 2022 16:45:25 GMT+0800 (Singapore Standard Time)
[debug] [2022-12-13T08:45:25.940Z] ----------------------------------------------------------------------
[debug] 
[debug] [2022-12-13T08:45:25.950Z] > command requires scopes: ["email","openid","https://www.googleapis.com/auth/cloudplatformprojects.readonly","https://www.googleapis.com/auth/firebase","https://www.googleapis.com/auth/cloud-platform"]
[debug] [2022-12-13T08:45:25.950Z] > authorizing via signed-in user (laijianyi13@gmail.com)
[info] 
     ######## #### ########  ######## ########     ###     ######  ########
     ##        ##  ##     ## ##       ##     ##  ##   ##  ##       ##
     ######    ##  ########  ######   ########  #########  ######  ######
     ##        ##  ##    ##  ##       ##     ## ##     ##       ## ##
     ##       #### ##     ## ######## ########  ##     ##  ######  ########

You're about to initialize a Firebase project in this directory:

  C:\Users\jimmy\angular-apps\coaching-chatbot

[info] 
=== Project Setup
[info] 
[info] First, let's associate this project directory with a Firebase project.
[info] You can create multiple project aliases by running firebase use --add, 
[info] but for now we'll just set up a default project.
[info] 
[debug] [2022-12-13T08:45:36.489Z] >>> [apiv2][query] GET https://firebase.googleapis.com/v1beta1/projects pageSize=100
[debug] [2022-12-13T08:45:37.323Z] <<< [apiv2][status] GET https://firebase.googleapis.com/v1beta1/projects 200
[debug] [2022-12-13T08:45:37.323Z] <<< [apiv2][body] GET https://firebase.googleapis.com/v1beta1/projects [omitted]
[info] i  Using project coaching-bot-app (coaching-bot-app) 
[info] 
=== Hosting Setup
[info] 
[info] Your public directory is the folder (relative to your project directory) that
[info] will contain Hosting assets to be uploaded with firebase deploy. If you
[info] have a build process for your assets, use your build's output directory.
[info] 
[info] +  Wrote docs/404.html 
[debug] [2022-12-13T08:45:53.593Z] >>> [apiv2][query] GET https://www.gstatic.com/firebasejs/releases.json [none]
[debug] [2022-12-13T08:45:53.631Z] <<< [apiv2][status] GET https://www.gstatic.com/firebasejs/releases.json 200
[debug] [2022-12-13T08:45:53.631Z] <<< [apiv2][body] GET https://www.gstatic.com/firebasejs/releases.json {"current":{"version":"9.15.0","browserURL":"https://www.gstatic.com/firebasejs/9.15.0/firebase.js","packageURL":"https://www.gstatic.com/firebasejs/9.15.0/firebase.tgz"},"live":{"version":"9.15","browserURL":"https://www.gstatic.com/firebasejs/live/9.15/firebase.js","packageURL":"https://www.gstatic.com/firebasejs/live/9.15/firebase.tgz"},"components":{"analytics":"https://www.gstatic.com/firebasejs/9.15.0/firebase-analytics.js","app":"https://www.gstatic.com/firebasejs/9.15.0/firebase-app.js","app-check":"https://www.gstatic.com/firebasejs/9.15.0/firebase-app-check.js","auth":"https://www.gstatic.com/firebasejs/9.15.0/firebase-auth.js","auth/cordova":"https://www.gstatic.com/firebasejs/9.15.0/firebase-auth/cordova.js","auth/react-native":"https://www.gstatic.com/firebasejs/9.15.0/firebase-auth/react-native.js","functions":"https://www.gstatic.com/firebasejs/9.15.0/firebase-functions.js","firestore":"https://www.gstatic.com/firebasejs/9.15.0/firebase-firestore.js","firestore/lite":"https://www.gstatic.com/firebasejs/9.15.0/firebase-firestore/lite.js","installations":"https://www.gstatic.com/firebasejs/9.15.0/firebase-installations.js","storage":"https://www.gstatic.com/firebasejs/9.15.0/firebase-storage.js","performance":"https://www.gstatic.com/firebasejs/9.15.0/firebase-performance.js","remote-config":"https://www.gstatic.com/firebasejs/9.15.0/firebase-remote-config.js","messaging":"https://www.gstatic.com/firebasejs/9.15.0/firebase-messaging.js","messaging/sw":"https://www.gstatic.com/firebasejs/9.15.0/firebase-messaging/sw.js","database":"https://www.gstatic.com/firebasejs/9.15.0/firebase-database.js","firestore.memory":"https://www.gstatic.com/firebasejs/9.15.0/firebase-firestore.memory.js"}}
[info] +  Wrote docs/index.html 
[info] 
[info] i  Detected a .git folder at C:\Users\jimmy\angular-apps\coaching-chatbot 
[info] i  Authorizing with GitHub to upload your service account to a GitHub repository's secrets store. 
[info] 
[info] Visit this URL on this device to log in:
[info] https://github.com/login/oauth/authorize?client_id=89cf50f02ac6aaed3484&state=851431475&redirect_uri=http%3A%2F%2Flocalhost%3A9005&scope=read%3Auser%20repo%20public_repo
[info] 
[info] Waiting for authentication...
[debug] [2022-12-13T08:46:01.330Z] >>> [apiv2][query] POST https://github.com/login/oauth/access_token [none]
[debug] [2022-12-13T08:46:01.330Z] >>> [apiv2][body] POST https://github.com/login/oauth/access_token [stream]
[debug] [2022-12-13T08:46:01.701Z] <<< [apiv2][status] POST https://github.com/login/oauth/access_token 200
[debug] [2022-12-13T08:46:01.702Z] <<< [apiv2][body] POST https://github.com/login/oauth/access_token {"access_token":"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","token_type":"bearer","scope":"read:user,repo"}
[debug] [2022-12-13T08:46:01.708Z] >>> [apiv2][query] GET https://api.github.com/user [none]
[debug] [2022-12-13T08:46:02.121Z] <<< [apiv2][status] GET https://api.github.com/user 200
[debug] [2022-12-13T08:46:02.121Z] <<< [apiv2][body] GET https://api.github.com/user {"login":"jianyilai","id":97088842,"node_id":"U_kgDOBcl1Sg","avatar_url":"https://avatars.githubusercontent.com/u/97088842?v=4","gravatar_id":"","url":"https://api.github.com/users/jianyilai","html_url":"https://github.com/jianyilai","followers_url":"https://api.github.com/users/jianyilai/followers","following_url":"https://api.github.com/users/jianyilai/following{/other_user}","gists_url":"https://api.github.com/users/jianyilai/gists{/gist_id}","starred_url":"https://api.github.com/users/jianyilai/starred{/owner}{/repo}","subscriptions_url":"https://api.github.com/users/jianyilai/subscriptions","organizations_url":"https://api.github.com/users/jianyilai/orgs","repos_url":"https://api.github.com/users/jianyilai/repos","events_url":"https://api.github.com/users/jianyilai/events{/privacy}","received_events_url":"https://api.github.com/users/jianyilai/received_events","type":"User","site_admin":false,"name":"Lai Jian Yi","company":"Temasek Polytechnic","blog":"","location":null,"email":null,"hireable":null,"bio":"Student at Temasek Polytechnic studying Information Technology","twitter_username":null,"public_repos":9,"public_gists":0,"followers":0,"following":0,"created_at":"2022-01-04T08:26:37Z","updated_at":"2022-12-13T07:30:46Z","private_gists":0,"total_private_repos":2,"owned_private_repos":2,"disk_usage":1975,"collaborators":2,"two_factor_authentication":false,"plan":{"name":"free","space":976562499,"collaborators":0,"private_repos":10000}}
[info] 
[info] +  Success! Logged into GitHub as jianyilai 
[info] 
